mode: set
glamour_reserve/features/services/AI-service.go:17.42,19.2 1 1
glamour_reserve/features/services/AI-service.go:21.104,38.16 6 1
glamour_reserve/features/services/AI-service.go:41.2,42.20 2 0
glamour_reserve/features/services/AI-service.go:38.16,40.3 1 1
glamour_reserve/features/services/AI-service.go:50.42,51.17 1 1
glamour_reserve/features/services/AI-service.go:55.2,62.18 2 1
glamour_reserve/features/services/AI-service.go:51.17,53.3 1 0
glamour_reserve/features/services/booking-service.go:26.84,28.2 1 1
glamour_reserve/features/services/booking-service.go:30.102,33.40 2 1
glamour_reserve/features/services/booking-service.go:52.2,59.16 6 1
glamour_reserve/features/services/booking-service.go:63.2,67.25 4 1
glamour_reserve/features/services/booking-service.go:33.40,35.17 2 1
glamour_reserve/features/services/booking-service.go:39.3,40.17 2 1
glamour_reserve/features/services/booking-service.go:43.3,46.17 3 1
glamour_reserve/features/services/booking-service.go:35.17,37.4 1 0
glamour_reserve/features/services/booking-service.go:40.17,42.4 1 0
glamour_reserve/features/services/booking-service.go:46.17,48.4 1 0
glamour_reserve/features/services/booking-service.go:59.16,61.3 1 0
glamour_reserve/features/services/booking-service.go:70.86,72.16 2 1
glamour_reserve/features/services/booking-service.go:75.2,75.25 1 1
glamour_reserve/features/services/booking-service.go:72.16,74.3 1 0
glamour_reserve/features/services/booking-service.go:78.85,80.16 2 1
glamour_reserve/features/services/booking-service.go:83.2,83.27 1 1
glamour_reserve/features/services/booking-service.go:80.16,82.3 1 0
glamour_reserve/features/services/booking-service.go:86.97,88.16 2 1
glamour_reserve/features/services/booking-service.go:92.2,92.25 1 1
glamour_reserve/features/services/booking-service.go:88.16,90.3 1 0
glamour_reserve/features/services/booking-service.go:95.94,98.16 2 1
glamour_reserve/features/services/booking-service.go:101.2,102.31 2 1
glamour_reserve/features/services/booking-service.go:98.16,100.3 1 0
glamour_reserve/features/services/booking-service.go:105.110,107.16 2 1
glamour_reserve/features/services/booking-service.go:113.2,114.16 2 1
glamour_reserve/features/services/booking-service.go:118.2,119.16 2 1
glamour_reserve/features/services/booking-service.go:122.2,123.31 2 1
glamour_reserve/features/services/booking-service.go:107.16,108.17 1 0
glamour_reserve/features/services/booking-service.go:108.17,110.4 1 0
glamour_reserve/features/services/booking-service.go:114.16,116.3 1 0
glamour_reserve/features/services/booking-service.go:119.16,121.3 1 0
glamour_reserve/features/services/booking-service.go:127.82,129.16 2 1
glamour_reserve/features/services/booking-service.go:133.2,135.29 2 1
glamour_reserve/features/services/booking-service.go:142.2,142.25 1 1
glamour_reserve/features/services/booking-service.go:129.16,131.3 1 0
glamour_reserve/features/services/booking-service.go:135.29,141.3 4 1
glamour_reserve/features/services/svc-service.go:21.75,23.2 1 1
glamour_reserve/features/services/svc-service.go:25.68,27.16 2 1
glamour_reserve/features/services/svc-service.go:31.2,31.25 1 1
glamour_reserve/features/services/svc-service.go:27.16,29.3 1 1
glamour_reserve/features/services/svc-service.go:34.93,38.16 4 1
glamour_reserve/features/services/svc-service.go:41.2,41.22 1 1
glamour_reserve/features/services/svc-service.go:38.16,40.3 1 1
glamour_reserve/features/services/svc-service.go:44.88,46.16 2 1
glamour_reserve/features/services/svc-service.go:49.2,49.25 1 1
glamour_reserve/features/services/svc-service.go:46.16,48.3 1 1
glamour_reserve/features/services/svc-service.go:52.54,54.16 2 1
glamour_reserve/features/services/svc-service.go:57.2,57.16 1 1
glamour_reserve/features/services/svc-service.go:54.16,56.3 1 1
glamour_reserve/features/services/svc-service.go:60.91,62.16 2 1
glamour_reserve/features/services/svc-service.go:65.2,65.25 1 1
glamour_reserve/features/services/svc-service.go:62.16,64.3 1 1
glamour_reserve/features/services/user-service.go:19.71,21.2 1 1
glamour_reserve/features/services/user-service.go:23.77,25.16 2 1
glamour_reserve/features/services/user-service.go:28.2,28.18 1 1
glamour_reserve/features/services/user-service.go:25.16,27.3 1 1
glamour_reserve/features/services/user-service.go:31.91,33.16 2 1
glamour_reserve/features/services/user-service.go:37.2,38.29 2 1
glamour_reserve/features/services/user-service.go:33.16,35.3 1 1
glamour_reserve/features/services/user-service.go:41.58,43.16 2 1
glamour_reserve/features/services/user-service.go:46.2,46.19 1 1
glamour_reserve/features/services/user-service.go:43.16,45.3 1 1
